<?xml version="1.0" encoding="UTF-8"?>
<!-- Generated by org.testng.reporters.JUnitReportReporter -->
<testsuite skipped="0" hostname="LAPTOP-G8DFQ1R7" name="testCases.POST_Or_Create_A_Product" tests="1" failures="0" timestamp="08 Mar 2021 17:37:32 GMT" time="4.198" errors="0">
  <testcase name="create_A_Product" time="4.198" classname="testCases.POST_Or_Create_A_Product"/>
</testsuite> <!-- testCases.POST_Or_Create_A_Product -->
