<?xml version="1.0" encoding="UTF-8"?>
<!-- Generated by org.testng.reporters.JUnitReportReporter -->
<testsuite skipped="0" hostname="LAPTOP-G8DFQ1R7" name="testCases.DELETE_A_Product" tests="1" failures="0" timestamp="08 Mar 2021 17:58:12 GMT" time="3.087" errors="0">
  <testcase name="delete_A_Product" time="3.087" classname="testCases.DELETE_A_Product"/>
</testsuite> <!-- testCases.DELETE_A_Product -->
