<?xml version="1.0" encoding="UTF-8"?>
<!-- Generated by org.testng.reporters.JUnitReportReporter -->
<testsuite skipped="0" hostname="LAPTOP-G8DFQ1R7" name="testCases.GET_Or_Read_A_Product" tests="1" failures="0" timestamp="08 Mar 2021 19:32:50 GMT" time="3.089" errors="0">
  <testcase name="read_A_Product" time="3.089" classname="testCases.GET_Or_Read_A_Product"/>
</testsuite> <!-- testCases.GET_Or_Read_A_Product -->
