<?xml version="1.0" encoding="UTF-8"?>
<!-- Generated by org.testng.reporters.JUnitReportReporter -->
<testsuite skipped="0" hostname="LAPTOP-G8DFQ1R7" name="testCases.Put_Or_Update_A_Product" tests="1" failures="0" timestamp="08 Mar 2021 19:28:19 GMT" time="3.655" errors="0">
  <testcase name="update_A_Product" time="3.655" classname="testCases.Put_Or_Update_A_Product"/>
</testsuite> <!-- testCases.Put_Or_Update_A_Product -->
